<?xml version="1.0" encoding="UTF-8"?>
<!-- Generated by org.testng.reporters.JUnitReportReporter -->
<testsuite hostname="DESKTOP-80945EE" failures="0" tests="2" name="TestScenarios.LoginTest" time="23.396" errors="0" timestamp="2023-08-09T00:04:24 IST" skipped="0">
  <testcase classname="TestScenarios.LoginTest" name="Login" time="6.960"/>
  <system-out/>
  <testcase classname="TestScenarios.LoginTest" name="Login" time="16.436"/>
  <system-out/>
</testsuite> <!-- TestScenarios.LoginTest -->
