<?xml version="1.0" encoding="UTF-8"?>
<!-- Generated by org.testng.reporters.JUnitReportReporter -->
<testsuite hostname="DESKTOP-80945EE" failures="0" tests="1" name="TestScenarios.RegisterTest" time="12.859" errors="0" timestamp="2023-08-09T00:04:24 IST" skipped="0">
  <testcase classname="TestScenarios.RegisterTest" name="RegWithAllData" time="12.859"/>
  <system-out/>
</testsuite> <!-- TestScenarios.RegisterTest -->
